#-----------------------------------------------------------
# Vivado v2020.2 (64-bit)
# SW Build 3064766 on Wed Nov 18 09:12:45 MST 2020
# IP Build 3064653 on Wed Nov 18 14:17:31 MST 2020
# Start of session at: Thu Dec 14 22:35:59 2023
# Process ID: 16868
# Current directory: D:/Vivado Projects/Sort_Memory
# Command line: vivado.exe -gui_launcher_event rodinguilauncherevent3024 D:\Vivado Projects\Sort_Memory\Sort_Memory.xpr
# Log file: D:/Vivado Projects/Sort_Memory/vivado.log
# Journal file: D:/Vivado Projects/Sort_Memory\vivado.jou
#-----------------------------------------------------------
start_gui
open_project {D:/Vivado Projects/Sort_Memory/Sort_Memory.xpr}
WARNING: [filemgmt 56-3] Default IP Output Path : Could not find the directory 'D:/Vivado Projects/Sort_Memory/Sort_Memory.gen/sources_1'.
Scanning sources...
Finished scanning sources
INFO: [IP_Flow 19-234] Refreshing IP repositories
INFO: [IP_Flow 19-1704] No user IP repositories specified
INFO: [IP_Flow 19-2313] Loaded Vivado IP repository 'C:/Xilinx/Vivado/2020.2/data/ip'.
update_compile_order -fileset sources_1
exit
INFO: [Common 17-206] Exiting Vivado at Thu Dec 14 22:37:04 2023...
